{"/Users/galenfrechette/Code/react-native-authenticator-demo/App.js": {"path":"/Users/galenfrechette/Code/react-native-authenticator-demo/App.js","statementMap":{"0":{"start":{"line":6,"column":2},"end":{"line":10,"column":4}}},"fnMap":{"0":{"name":"App","decl":{"start":{"line":5,"column":24},"end":{"line":5,"column":27}},"loc":{"start":{"line":5,"column":30},"end":{"line":11,"column":1}},"line":5}},"branchMap":{},"s":{"0":0},"f":{"0":0},"b":{}}
,"/Users/galenfrechette/Code/react-native-authenticator-demo/app.config.js": {"path":"/Users/galenfrechette/Code/react-native-authenticator-demo/app.config.js","statementMap":{"0":{"start":{"line":2,"column":2},"end":{"line":16,"column":3}},"1":{"start":{"line":3,"column":4},"end":{"line":8,"column":6}},"2":{"start":{"line":10,"column":4},"end":{"line":15,"column":6}}},"fnMap":{"0":{"name":"(anonymous_0)","decl":{"start":{"line":1,"column":15},"end":{"line":1,"column":16}},"loc":{"start":{"line":1,"column":29},"end":{"line":17,"column":1}},"line":1}},"branchMap":{"0":{"loc":{"start":{"line":2,"column":2},"end":{"line":16,"column":3}},"type":"if","locations":[{"start":{"line":2,"column":2},"end":{"line":16,"column":3}},{"start":{"line":9,"column":9},"end":{"line":16,"column":3}}],"line":2}},"s":{"0":0,"1":0,"2":0},"f":{"0":0},"b":{"0":[0,0]}}
,"/Users/galenfrechette/Code/react-native-authenticator-demo/src/common/authStateReducer.js": {"path":"/Users/galenfrechette/Code/react-native-authenticator-demo/src/common/authStateReducer.js","statementMap":{"0":{"start":{"line":3,"column":33},"end":{"line":8,"column":1}},"1":{"start":{"line":10,"column":32},"end":{"line":34,"column":1}},"2":{"start":{"line":11,"column":2},"end":{"line":33,"column":3}},"3":{"start":{"line":13,"column":6},"end":{"line":18,"column":8}},"4":{"start":{"line":20,"column":6},"end":{"line":25,"column":8}},"5":{"start":{"line":27,"column":6},"end":{"line":32,"column":8}}},"fnMap":{"0":{"name":"(anonymous_0)","decl":{"start":{"line":10,"column":32},"end":{"line":10,"column":33}},"loc":{"start":{"line":10,"column":51},"end":{"line":34,"column":1}},"line":10}},"branchMap":{"0":{"loc":{"start":{"line":11,"column":2},"end":{"line":33,"column":3}},"type":"switch","locations":[{"start":{"line":12,"column":4},"end":{"line":18,"column":8}},{"start":{"line":19,"column":4},"end":{"line":25,"column":8}},{"start":{"line":26,"column":4},"end":{"line":32,"column":8}}],"line":11}},"s":{"0":1,"1":1,"2":0,"3":0,"4":0,"5":0},"f":{"0":0},"b":{"0":[0,0,0]},"_coverageSchema":"1a1c01bbd47fc00a2c39e90264f33305004495a9","hash":"7f83027b9ddbef86c8075c72dbc9fe5f97f1f2bf"}
,"/Users/galenfrechette/Code/react-native-authenticator-demo/src/common/constants.js": {"path":"/Users/galenfrechette/Code/react-native-authenticator-demo/src/common/constants.js","statementMap":{"0":{"start":{"line":3,"column":16},"end":{"line":3,"column":48}},"1":{"start":{"line":5,"column":27},"end":{"line":5,"column":52}},"2":{"start":{"line":6,"column":27},"end":{"line":6,"column":46}},"3":{"start":{"line":7,"column":35},"end":{"line":7,"column":57}}},"fnMap":{},"branchMap":{},"s":{"0":1,"1":1,"2":1,"3":1},"f":{},"b":{},"_coverageSchema":"1a1c01bbd47fc00a2c39e90264f33305004495a9","hash":"d07d4f7f4975bd76a6a155f39a8f07e6bfb7b67b"}
,"/Users/galenfrechette/Code/react-native-authenticator-demo/src/common/styles.js": {"path":"/Users/galenfrechette/Code/react-native-authenticator-demo/src/common/styles.js","statementMap":{"0":{"start":{"line":3,"column":22},"end":{"line":34,"column":2}},"1":{"start":{"line":36,"column":26},"end":{"line":69,"column":2}}},"fnMap":{},"branchMap":{},"s":{"0":1,"1":1},"f":{},"b":{},"_coverageSchema":"1a1c01bbd47fc00a2c39e90264f33305004495a9","hash":"303d76ecf88a5f21437aa97b1fd57ea309699caa"}
,"/Users/galenfrechette/Code/react-native-authenticator-demo/src/common/components/BasicSubmitButton.js": {"path":"/Users/galenfrechette/Code/react-native-authenticator-demo/src/common/components/BasicSubmitButton.js","statementMap":{"0":{"start":{"line":6,"column":33},"end":{"line":16,"column":1}},"1":{"start":{"line":7,"column":41},"end":{"line":7,"column":59}},"2":{"start":{"line":9,"column":2},"end":{"line":15,"column":3}}},"fnMap":{"0":{"name":"(anonymous_0)","decl":{"start":{"line":6,"column":33},"end":{"line":6,"column":34}},"loc":{"start":{"line":6,"column":56},"end":{"line":16,"column":1}},"line":6}},"branchMap":{"0":{"loc":{"start":{"line":12,"column":10},"end":{"line":12,"column":48}},"type":"cond-expr","locations":[{"start":{"line":12,"column":25},"end":{"line":12,"column":40}},{"start":{"line":12,"column":43},"end":{"line":12,"column":48}}],"line":12}},"s":{"0":1,"1":27,"2":27},"f":{"0":27},"b":{"0":[13,14]},"_coverageSchema":"1a1c01bbd47fc00a2c39e90264f33305004495a9","hash":"54fb69eb263ba57e4967a1457901893a6fab9cec"}
,"/Users/galenfrechette/Code/react-native-authenticator-demo/src/common/components/BasicTextInput.js": {"path":"/Users/galenfrechette/Code/react-native-authenticator-demo/src/common/components/BasicTextInput.js","statementMap":{"0":{"start":{"line":5,"column":30},"end":{"line":27,"column":1}},"1":{"start":{"line":10,"column":6},"end":{"line":10,"column":11}},"2":{"start":{"line":12,"column":16},"end":{"line":12,"column":49}},"3":{"start":{"line":14,"column":2},"end":{"line":26,"column":3}}},"fnMap":{"0":{"name":"(anonymous_0)","decl":{"start":{"line":5,"column":30},"end":{"line":5,"column":31}},"loc":{"start":{"line":5,"column":41},"end":{"line":27,"column":1}},"line":5}},"branchMap":{"0":{"loc":{"start":{"line":12,"column":16},"end":{"line":12,"column":49}},"type":"cond-expr","locations":[{"start":{"line":12,"column":30},"end":{"line":12,"column":41}},{"start":{"line":12,"column":44},"end":{"line":12,"column":49}}],"line":12},"1":{"loc":{"start":{"line":16,"column":8},"end":{"line":16,"column":62}},"type":"binary-expr","locations":[{"start":{"line":16,"column":8},"end":{"line":16,"column":13}},{"start":{"line":16,"column":17},"end":{"line":16,"column":62}}],"line":16},"2":{"loc":{"start":{"line":24,"column":7},"end":{"line":24,"column":99}},"type":"binary-expr","locations":[{"start":{"line":24,"column":9},"end":{"line":24,"column":21}},{"start":{"line":24,"column":25},"end":{"line":24,"column":38}},{"start":{"line":24,"column":43},"end":{"line":24,"column":99}}],"line":24}},"s":{"0":1,"1":27,"2":27,"3":27},"f":{"0":27},"b":{"0":[0,27],"1":[27,0],"2":[27,5,5]},"_coverageSchema":"1a1c01bbd47fc00a2c39e90264f33305004495a9","hash":"f4db9c113d6dc3c983a6499bb70a0265afb179a4"}
,"/Users/galenfrechette/Code/react-native-authenticator-demo/src/common/contexts/AuthProvider.js": {"path":"/Users/galenfrechette/Code/react-native-authenticator-demo/src/common/contexts/AuthProvider.js","statementMap":{"0":{"start":{"line":6,"column":27},"end":{"line":6,"column":48}},"1":{"start":{"line":8,"column":28},"end":{"line":87,"column":1}},"2":{"start":{"line":9,"column":36},"end":{"line":9,"column":88}},"3":{"start":{"line":11,"column":23},"end":{"line":19,"column":3}},"4":{"start":{"line":12,"column":4},"end":{"line":18,"column":5}},"5":{"start":{"line":13,"column":20},"end":{"line":13,"column":63}},"6":{"start":{"line":14,"column":23},"end":{"line":14,"column":65}},"7":{"start":{"line":15,"column":6},"end":{"line":15,"column":78}},"8":{"start":{"line":17,"column":6},"end":{"line":17,"column":29}},"9":{"start":{"line":21,"column":17},"end":{"line":37,"column":3}},"10":{"start":{"line":22,"column":21},"end":{"line":28,"column":6}},"11":{"start":{"line":29,"column":4},"end":{"line":36,"column":5}},"12":{"start":{"line":30,"column":27},"end":{"line":30,"column":48}},"13":{"start":{"line":31,"column":6},"end":{"line":31,"column":70}},"14":{"start":{"line":32,"column":6},"end":{"line":32,"column":72}},"15":{"start":{"line":33,"column":6},"end":{"line":33,"column":98}},"16":{"start":{"line":35,"column":6},"end":{"line":35,"column":58}},"17":{"start":{"line":39,"column":17},"end":{"line":56,"column":3}},"18":{"start":{"line":40,"column":21},"end":{"line":46,"column":6}},"19":{"start":{"line":47,"column":4},"end":{"line":55,"column":5}},"20":{"start":{"line":48,"column":27},"end":{"line":48,"column":48}},"21":{"start":{"line":49,"column":6},"end":{"line":49,"column":70}},"22":{"start":{"line":50,"column":6},"end":{"line":50,"column":72}},"23":{"start":{"line":51,"column":6},"end":{"line":51,"column":98}},"24":{"start":{"line":53,"column":27},"end":{"line":53,"column":48}},"25":{"start":{"line":54,"column":6},"end":{"line":54,"column":45}},"26":{"start":{"line":58,"column":18},"end":{"line":66,"column":3}},"27":{"start":{"line":59,"column":4},"end":{"line":65,"column":5}},"28":{"start":{"line":60,"column":6},"end":{"line":60,"column":53}},"29":{"start":{"line":61,"column":6},"end":{"line":61,"column":52}},"30":{"start":{"line":62,"column":6},"end":{"line":62,"column":39}},"31":{"start":{"line":64,"column":6},"end":{"line":64,"column":29}},"32":{"start":{"line":68,"column":24},"end":{"line":76,"column":3}},"33":{"start":{"line":69,"column":4},"end":{"line":75,"column":6}},"34":{"start":{"line":78,"column":23},"end":{"line":80,"column":17}},"35":{"start":{"line":79,"column":4},"end":{"line":79,"column":77}},"36":{"start":{"line":82,"column":2},"end":{"line":86,"column":4}}},"fnMap":{"0":{"name":"(anonymous_0)","decl":{"start":{"line":8,"column":28},"end":{"line":8,"column":29}},"loc":{"start":{"line":8,"column":39},"end":{"line":87,"column":1}},"line":8},"1":{"name":"(anonymous_1)","decl":{"start":{"line":11,"column":23},"end":{"line":11,"column":24}},"loc":{"start":{"line":11,"column":35},"end":{"line":19,"column":3}},"line":11},"2":{"name":"(anonymous_2)","decl":{"start":{"line":21,"column":17},"end":{"line":21,"column":18}},"loc":{"start":{"line":21,"column":33},"end":{"line":37,"column":3}},"line":21},"3":{"name":"(anonymous_3)","decl":{"start":{"line":39,"column":17},"end":{"line":39,"column":18}},"loc":{"start":{"line":39,"column":33},"end":{"line":56,"column":3}},"line":39},"4":{"name":"(anonymous_4)","decl":{"start":{"line":58,"column":18},"end":{"line":58,"column":19}},"loc":{"start":{"line":58,"column":30},"end":{"line":66,"column":3}},"line":58},"5":{"name":"(anonymous_5)","decl":{"start":{"line":68,"column":24},"end":{"line":68,"column":25}},"loc":{"start":{"line":68,"column":40},"end":{"line":76,"column":3}},"line":68},"6":{"name":"(anonymous_6)","decl":{"start":{"line":78,"column":37},"end":{"line":78,"column":38}},"loc":{"start":{"line":78,"column":43},"end":{"line":80,"column":3}},"line":78}},"branchMap":{"0":{"loc":{"start":{"line":29,"column":4},"end":{"line":36,"column":5}},"type":"if","locations":[{"start":{"line":29,"column":4},"end":{"line":36,"column":5}},{"start":{"line":34,"column":11},"end":{"line":36,"column":5}}],"line":29},"1":{"loc":{"start":{"line":47,"column":4},"end":{"line":55,"column":5}},"type":"if","locations":[{"start":{"line":47,"column":4},"end":{"line":55,"column":5}},{"start":{"line":52,"column":11},"end":{"line":55,"column":5}}],"line":47}},"s":{"0":1,"1":1,"2":0,"3":0,"4":0,"5":0,"6":0,"7":0,"8":0,"9":0,"10":0,"11":0,"12":0,"13":0,"14":0,"15":0,"16":0,"17":0,"18":0,"19":0,"20":0,"21":0,"22":0,"23":0,"24":0,"25":0,"26":0,"27":0,"28":0,"29":0,"30":0,"31":0,"32":0,"33":0,"34":0,"35":0,"36":0},"f":{"0":0,"1":0,"2":0,"3":0,"4":0,"5":0,"6":0},"b":{"0":[0,0],"1":[0,0]},"_coverageSchema":"1a1c01bbd47fc00a2c39e90264f33305004495a9","hash":"c79e1ad729d0588a57c315040227e38849b5ffa9"}
,"/Users/galenfrechette/Code/react-native-authenticator-demo/src/features/Profile.js": {"path":"/Users/galenfrechette/Code/react-native-authenticator-demo/src/features/Profile.js","statementMap":{"0":{"start":{"line":6,"column":23},"end":{"line":16,"column":1}},"1":{"start":{"line":7,"column":33},"end":{"line":7,"column":62}},"2":{"start":{"line":9,"column":2},"end":{"line":15,"column":4}},"3":{"start":{"line":12,"column":46},"end":{"line":12,"column":55}}},"fnMap":{"0":{"name":"(anonymous_0)","decl":{"start":{"line":6,"column":23},"end":{"line":6,"column":24}},"loc":{"start":{"line":6,"column":29},"end":{"line":16,"column":1}},"line":6},"1":{"name":"(anonymous_1)","decl":{"start":{"line":12,"column":40},"end":{"line":12,"column":41}},"loc":{"start":{"line":12,"column":46},"end":{"line":12,"column":55}},"line":12}},"branchMap":{},"s":{"0":0,"1":0,"2":0,"3":0},"f":{"0":0,"1":0},"b":{}}
,"/Users/galenfrechette/Code/react-native-authenticator-demo/src/features/auth/ForgotPassword.js": {"path":"/Users/galenfrechette/Code/react-native-authenticator-demo/src/features/auth/ForgotPassword.js","statementMap":{"0":{"start":{"line":18,"column":30},"end":{"line":74,"column":1}},"1":{"start":{"line":19,"column":28},"end":{"line":19,"column":57}},"2":{"start":{"line":21,"column":21},"end":{"line":23,"column":4}},"3":{"start":{"line":25,"column":23},"end":{"line":46,"column":3}},"4":{"start":{"line":26,"column":4},"end":{"line":43,"column":7}},"5":{"start":{"line":28,"column":6},"end":{"line":39,"column":7}},"6":{"start":{"line":29,"column":8},"end":{"line":36,"column":10}},"7":{"start":{"line":34,"column":27},"end":{"line":34,"column":57}},"8":{"start":{"line":38,"column":8},"end":{"line":38,"column":62}},"9":{"start":{"line":42,"column":6},"end":{"line":42,"column":42}},"10":{"start":{"line":45,"column":4},"end":{"line":45,"column":25}},"11":{"start":{"line":48,"column":2},"end":{"line":73,"column":4}}},"fnMap":{"0":{"name":"(anonymous_0)","decl":{"start":{"line":18,"column":30},"end":{"line":18,"column":31}},"loc":{"start":{"line":18,"column":50},"end":{"line":74,"column":1}},"line":18},"1":{"name":"(anonymous_1)","decl":{"start":{"line":25,"column":23},"end":{"line":25,"column":24}},"loc":{"start":{"line":25,"column":58},"end":{"line":46,"column":3}},"line":25},"2":{"name":"(anonymous_2)","decl":{"start":{"line":27,"column":10},"end":{"line":27,"column":11}},"loc":{"start":{"line":27,"column":24},"end":{"line":40,"column":5}},"line":27},"3":{"name":"(anonymous_3)","decl":{"start":{"line":34,"column":21},"end":{"line":34,"column":22}},"loc":{"start":{"line":34,"column":27},"end":{"line":34,"column":57}},"line":34},"4":{"name":"(anonymous_4)","decl":{"start":{"line":41,"column":11},"end":{"line":41,"column":12}},"loc":{"start":{"line":41,"column":22},"end":{"line":43,"column":5}},"line":41}},"branchMap":{"0":{"loc":{"start":{"line":28,"column":6},"end":{"line":39,"column":7}},"type":"if","locations":[{"start":{"line":28,"column":6},"end":{"line":39,"column":7}},{"start":{"line":37,"column":13},"end":{"line":39,"column":7}}],"line":28},"1":{"loc":{"start":{"line":50,"column":16},"end":{"line":50,"column":60}},"type":"cond-expr","locations":[{"start":{"line":50,"column":40},"end":{"line":50,"column":49}},{"start":{"line":50,"column":52},"end":{"line":50,"column":60}}],"line":50}},"s":{"0":1,"1":5,"2":5,"3":5,"4":2,"5":2,"6":1,"7":0,"8":1,"9":0,"10":2,"11":5},"f":{"0":5,"1":2,"2":2,"3":0,"4":0},"b":{"0":[1,1],"1":[5,0]},"_coverageSchema":"1a1c01bbd47fc00a2c39e90264f33305004495a9","hash":"b56a6756b69eb2655b85ae90649921f6755c79a6"}
,"/Users/galenfrechette/Code/react-native-authenticator-demo/src/features/auth/SignIn.js": {"path":"/Users/galenfrechette/Code/react-native-authenticator-demo/src/features/auth/SignIn.js","statementMap":{"0":{"start":{"line":19,"column":22},"end":{"line":80,"column":1}},"1":{"start":{"line":20,"column":21},"end":{"line":20,"column":50}},"2":{"start":{"line":22,"column":21},"end":{"line":25,"column":4}},"3":{"start":{"line":27,"column":23},"end":{"line":33,"column":3}},"4":{"start":{"line":28,"column":4},"end":{"line":31,"column":7}},"5":{"start":{"line":29,"column":6},"end":{"line":29,"column":30}},"6":{"start":{"line":30,"column":6},"end":{"line":30,"column":27}},"7":{"start":{"line":32,"column":4},"end":{"line":32,"column":25}},"8":{"start":{"line":35,"column":2},"end":{"line":79,"column":4}},"9":{"start":{"line":48,"column":14},"end":{"line":63,"column":21}},"10":{"start":{"line":66,"column":97},"end":{"line":66,"column":134}},"11":{"start":{"line":73,"column":29},"end":{"line":73,"column":67}}},"fnMap":{"0":{"name":"(anonymous_0)","decl":{"start":{"line":19,"column":22},"end":{"line":19,"column":23}},"loc":{"start":{"line":19,"column":42},"end":{"line":80,"column":1}},"line":19},"1":{"name":"(anonymous_1)","decl":{"start":{"line":27,"column":23},"end":{"line":27,"column":24}},"loc":{"start":{"line":27,"column":69},"end":{"line":33,"column":3}},"line":27},"2":{"name":"(anonymous_2)","decl":{"start":{"line":28,"column":31},"end":{"line":28,"column":32}},"loc":{"start":{"line":28,"column":42},"end":{"line":31,"column":5}},"line":28},"3":{"name":"(anonymous_3)","decl":{"start":{"line":47,"column":13},"end":{"line":47,"column":14}},"loc":{"start":{"line":48,"column":14},"end":{"line":63,"column":21}},"line":48},"4":{"name":"(anonymous_4)","decl":{"start":{"line":66,"column":91},"end":{"line":66,"column":92}},"loc":{"start":{"line":66,"column":97},"end":{"line":66,"column":134}},"line":66},"5":{"name":"(anonymous_5)","decl":{"start":{"line":73,"column":23},"end":{"line":73,"column":24}},"loc":{"start":{"line":73,"column":29},"end":{"line":73,"column":67}},"line":73}},"branchMap":{"0":{"loc":{"start":{"line":37,"column":16},"end":{"line":37,"column":60}},"type":"cond-expr","locations":[{"start":{"line":37,"column":40},"end":{"line":37,"column":49}},{"start":{"line":37,"column":52},"end":{"line":37,"column":60}}],"line":37},"1":{"loc":{"start":{"line":49,"column":18},"end":{"line":49,"column":78}},"type":"binary-expr","locations":[{"start":{"line":49,"column":18},"end":{"line":49,"column":24}},{"start":{"line":49,"column":28},"end":{"line":49,"column":78}}],"line":49}},"s":{"0":0,"1":0,"2":0,"3":0,"4":0,"5":0,"6":0,"7":0,"8":0,"9":0,"10":0,"11":0},"f":{"0":0,"1":0,"2":0,"3":0,"4":0,"5":0},"b":{"0":[0,0],"1":[0,0]}}
,"/Users/galenfrechette/Code/react-native-authenticator-demo/src/features/auth/SignUp.js": {"path":"/Users/galenfrechette/Code/react-native-authenticator-demo/src/features/auth/SignUp.js","statementMap":{"0":{"start":{"line":17,"column":22},"end":{"line":74,"column":1}},"1":{"start":{"line":18,"column":21},"end":{"line":18,"column":50}},"2":{"start":{"line":20,"column":21},"end":{"line":24,"column":4}},"3":{"start":{"line":26,"column":23},"end":{"line":32,"column":3}},"4":{"start":{"line":27,"column":4},"end":{"line":30,"column":7}},"5":{"start":{"line":28,"column":6},"end":{"line":28,"column":30}},"6":{"start":{"line":29,"column":6},"end":{"line":29,"column":27}},"7":{"start":{"line":31,"column":4},"end":{"line":31,"column":25}},"8":{"start":{"line":34,"column":2},"end":{"line":73,"column":4}},"9":{"start":{"line":47,"column":14},"end":{"line":67,"column":21}}},"fnMap":{"0":{"name":"(anonymous_0)","decl":{"start":{"line":17,"column":22},"end":{"line":17,"column":23}},"loc":{"start":{"line":17,"column":42},"end":{"line":74,"column":1}},"line":17},"1":{"name":"(anonymous_1)","decl":{"start":{"line":26,"column":23},"end":{"line":26,"column":24}},"loc":{"start":{"line":26,"column":69},"end":{"line":32,"column":3}},"line":26},"2":{"name":"(anonymous_2)","decl":{"start":{"line":27,"column":31},"end":{"line":27,"column":32}},"loc":{"start":{"line":27,"column":42},"end":{"line":30,"column":5}},"line":27},"3":{"name":"(anonymous_3)","decl":{"start":{"line":46,"column":13},"end":{"line":46,"column":14}},"loc":{"start":{"line":47,"column":14},"end":{"line":67,"column":21}},"line":47}},"branchMap":{"0":{"loc":{"start":{"line":36,"column":16},"end":{"line":36,"column":60}},"type":"cond-expr","locations":[{"start":{"line":36,"column":40},"end":{"line":36,"column":49}},{"start":{"line":36,"column":52},"end":{"line":36,"column":60}}],"line":36},"1":{"loc":{"start":{"line":48,"column":18},"end":{"line":48,"column":78}},"type":"binary-expr","locations":[{"start":{"line":48,"column":18},"end":{"line":48,"column":24}},{"start":{"line":48,"column":28},"end":{"line":48,"column":78}}],"line":48}},"s":{"0":0,"1":0,"2":0,"3":0,"4":0,"5":0,"6":0,"7":0,"8":0,"9":0},"f":{"0":0,"1":0,"2":0,"3":0},"b":{"0":[0,0],"1":[0,0]}}
,"/Users/galenfrechette/Code/react-native-authenticator-demo/src/features/auth/Splash.js": {"path":"/Users/galenfrechette/Code/react-native-authenticator-demo/src/features/auth/Splash.js","statementMap":{"0":{"start":{"line":6,"column":22},"end":{"line":18,"column":1}},"1":{"start":{"line":7,"column":27},"end":{"line":7,"column":56}},"2":{"start":{"line":9,"column":2},"end":{"line":11,"column":9}},"3":{"start":{"line":10,"column":4},"end":{"line":10,"column":19}},"4":{"start":{"line":13,"column":2},"end":{"line":17,"column":4}}},"fnMap":{"0":{"name":"(anonymous_0)","decl":{"start":{"line":6,"column":22},"end":{"line":6,"column":23}},"loc":{"start":{"line":6,"column":28},"end":{"line":18,"column":1}},"line":6},"1":{"name":"(anonymous_1)","decl":{"start":{"line":9,"column":18},"end":{"line":9,"column":19}},"loc":{"start":{"line":9,"column":24},"end":{"line":11,"column":3}},"line":9}},"branchMap":{},"s":{"0":0,"1":0,"2":0,"3":0,"4":0},"f":{"0":0,"1":0},"b":{}}
,"/Users/galenfrechette/Code/react-native-authenticator-demo/src/features/navigation/index.js": {"path":"/Users/galenfrechette/Code/react-native-authenticator-demo/src/features/navigation/index.js","statementMap":{"0":{"start":{"line":12,"column":14},"end":{"line":12,"column":42}},"1":{"start":{"line":14,"column":26},"end":{"line":47,"column":1}},"2":{"start":{"line":15,"column":24},"end":{"line":15,"column":53}},"3":{"start":{"line":17,"column":2},"end":{"line":46,"column":4}}},"fnMap":{"0":{"name":"(anonymous_0)","decl":{"start":{"line":14,"column":26},"end":{"line":14,"column":27}},"loc":{"start":{"line":14,"column":37},"end":{"line":47,"column":1}},"line":14}},"branchMap":{"0":{"loc":{"start":{"line":20,"column":10},"end":{"line":43,"column":9}},"type":"cond-expr","locations":[{"start":{"line":21,"column":10},"end":{"line":21,"column":59}},{"start":{"line":22,"column":12},"end":{"line":43,"column":9}}],"line":20},"1":{"loc":{"start":{"line":22,"column":12},"end":{"line":43,"column":9}},"type":"cond-expr","locations":[{"start":{"line":23,"column":10},"end":{"line":38,"column":13}},{"start":{"line":40,"column":10},"end":{"line":42,"column":13}}],"line":22}},"s":{"0":0,"1":0,"2":0,"3":0},"f":{"0":0},"b":{"0":[0,0],"1":[0,0]}}
}
