{"/Users/galenfrechette/Code/react-native-authenticator-demo/App.js": {"path":"/Users/galenfrechette/Code/react-native-authenticator-demo/App.js","statementMap":{"0":{"start":{"line":6,"column":2},"end":{"line":10,"column":4}}},"fnMap":{"0":{"name":"App","decl":{"start":{"line":5,"column":24},"end":{"line":5,"column":27}},"loc":{"start":{"line":5,"column":30},"end":{"line":11,"column":1}},"line":5}},"branchMap":{},"s":{"0":0},"f":{"0":0},"b":{},"_coverageSchema":"1a1c01bbd47fc00a2c39e90264f33305004495a9","hash":"a8721e2817c35f4dc5488d9ac06463133735a609"}
,"/Users/galenfrechette/Code/react-native-authenticator-demo/app.config.js": {"path":"/Users/galenfrechette/Code/react-native-authenticator-demo/app.config.js","statementMap":{"0":{"start":{"line":2,"column":2},"end":{"line":16,"column":3}},"1":{"start":{"line":3,"column":4},"end":{"line":8,"column":6}},"2":{"start":{"line":10,"column":4},"end":{"line":15,"column":6}}},"fnMap":{"0":{"name":"(anonymous_0)","decl":{"start":{"line":1,"column":15},"end":{"line":1,"column":16}},"loc":{"start":{"line":1,"column":29},"end":{"line":17,"column":1}},"line":1}},"branchMap":{"0":{"loc":{"start":{"line":2,"column":2},"end":{"line":16,"column":3}},"type":"if","locations":[{"start":{"line":2,"column":2},"end":{"line":16,"column":3}},{"start":{"line":9,"column":9},"end":{"line":16,"column":3}}],"line":2}},"s":{"0":0,"1":0,"2":0},"f":{"0":0},"b":{"0":[0,0]}}
,"/Users/galenfrechette/Code/react-native-authenticator-demo/src/common/BasicSubmitButton.js": {"path":"/Users/galenfrechette/Code/react-native-authenticator-demo/src/common/BasicSubmitButton.js","statementMap":{"0":{"start":{"line":6,"column":33},"end":{"line":23,"column":1}},"1":{"start":{"line":14,"column":41},"end":{"line":14,"column":59}},"2":{"start":{"line":16,"column":2},"end":{"line":22,"column":3}}},"fnMap":{"0":{"name":"(anonymous_0)","decl":{"start":{"line":6,"column":33},"end":{"line":6,"column":34}},"loc":{"start":{"line":6,"column":56},"end":{"line":23,"column":1}},"line":6}},"branchMap":{"0":{"loc":{"start":{"line":19,"column":10},"end":{"line":19,"column":47}},"type":"cond-expr","locations":[{"start":{"line":19,"column":25},"end":{"line":19,"column":39}},{"start":{"line":19,"column":42},"end":{"line":19,"column":47}}],"line":19}},"s":{"0":3,"1":27,"2":27},"f":{"0":27},"b":{"0":[14,13]},"_coverageSchema":"1a1c01bbd47fc00a2c39e90264f33305004495a9","hash":"cf3ca8584b4e572dc11f79b5c74f9fbfddcdf6ca"}
,"/Users/galenfrechette/Code/react-native-authenticator-demo/src/common/BasicTextInput.js": {"path":"/Users/galenfrechette/Code/react-native-authenticator-demo/src/common/BasicTextInput.js","statementMap":{"0":{"start":{"line":5,"column":30},"end":{"line":27,"column":1}},"1":{"start":{"line":10,"column":6},"end":{"line":10,"column":11}},"2":{"start":{"line":12,"column":16},"end":{"line":12,"column":49}},"3":{"start":{"line":14,"column":2},"end":{"line":26,"column":3}}},"fnMap":{"0":{"name":"(anonymous_0)","decl":{"start":{"line":5,"column":30},"end":{"line":5,"column":31}},"loc":{"start":{"line":5,"column":41},"end":{"line":27,"column":1}},"line":5}},"branchMap":{"0":{"loc":{"start":{"line":12,"column":16},"end":{"line":12,"column":49}},"type":"cond-expr","locations":[{"start":{"line":12,"column":30},"end":{"line":12,"column":41}},{"start":{"line":12,"column":44},"end":{"line":12,"column":49}}],"line":12},"1":{"loc":{"start":{"line":16,"column":8},"end":{"line":16,"column":62}},"type":"binary-expr","locations":[{"start":{"line":16,"column":8},"end":{"line":16,"column":13}},{"start":{"line":16,"column":17},"end":{"line":16,"column":62}}],"line":16},"2":{"loc":{"start":{"line":24,"column":7},"end":{"line":24,"column":99}},"type":"binary-expr","locations":[{"start":{"line":24,"column":9},"end":{"line":24,"column":21}},{"start":{"line":24,"column":25},"end":{"line":24,"column":38}},{"start":{"line":24,"column":43},"end":{"line":24,"column":99}}],"line":24}},"s":{"0":3,"1":27,"2":27,"3":27},"f":{"0":27},"b":{"0":[0,27],"1":[27,0],"2":[27,5,5]},"_coverageSchema":"1a1c01bbd47fc00a2c39e90264f33305004495a9","hash":"878d1c74b0d74078df0bdf63d3018419701ebd47"}
,"/Users/galenfrechette/Code/react-native-authenticator-demo/src/common/authStateReducer.js": {"path":"/Users/galenfrechette/Code/react-native-authenticator-demo/src/common/authStateReducer.js","statementMap":{"0":{"start":{"line":3,"column":33},"end":{"line":8,"column":1}},"1":{"start":{"line":10,"column":32},"end":{"line":34,"column":1}},"2":{"start":{"line":11,"column":2},"end":{"line":33,"column":3}},"3":{"start":{"line":13,"column":6},"end":{"line":18,"column":8}},"4":{"start":{"line":20,"column":6},"end":{"line":25,"column":8}},"5":{"start":{"line":27,"column":6},"end":{"line":32,"column":8}}},"fnMap":{"0":{"name":"(anonymous_0)","decl":{"start":{"line":10,"column":32},"end":{"line":10,"column":33}},"loc":{"start":{"line":10,"column":51},"end":{"line":34,"column":1}},"line":10}},"branchMap":{"0":{"loc":{"start":{"line":11,"column":2},"end":{"line":33,"column":3}},"type":"switch","locations":[{"start":{"line":12,"column":4},"end":{"line":18,"column":8}},{"start":{"line":19,"column":4},"end":{"line":25,"column":8}},{"start":{"line":26,"column":4},"end":{"line":32,"column":8}}],"line":11}},"s":{"0":8,"1":8,"2":4,"3":1,"4":2,"5":1},"f":{"0":4},"b":{"0":[1,2,1]},"_coverageSchema":"1a1c01bbd47fc00a2c39e90264f33305004495a9","hash":"7f83027b9ddbef86c8075c72dbc9fe5f97f1f2bf"}
,"/Users/galenfrechette/Code/react-native-authenticator-demo/src/common/constants.js": {"path":"/Users/galenfrechette/Code/react-native-authenticator-demo/src/common/constants.js","statementMap":{"0":{"start":{"line":3,"column":16},"end":{"line":3,"column":48}},"1":{"start":{"line":5,"column":27},"end":{"line":5,"column":52}},"2":{"start":{"line":6,"column":27},"end":{"line":6,"column":46}},"3":{"start":{"line":7,"column":35},"end":{"line":7,"column":57}}},"fnMap":{},"branchMap":{},"s":{"0":8,"1":8,"2":8,"3":8},"f":{},"b":{},"_coverageSchema":"1a1c01bbd47fc00a2c39e90264f33305004495a9","hash":"d07d4f7f4975bd76a6a155f39a8f07e6bfb7b67b"}
,"/Users/galenfrechette/Code/react-native-authenticator-demo/src/common/styles.js": {"path":"/Users/galenfrechette/Code/react-native-authenticator-demo/src/common/styles.js","statementMap":{"0":{"start":{"line":3,"column":22},"end":{"line":33,"column":2}},"1":{"start":{"line":35,"column":26},"end":{"line":66,"column":2}}},"fnMap":{},"branchMap":{},"s":{"0":7,"1":7},"f":{},"b":{},"_coverageSchema":"1a1c01bbd47fc00a2c39e90264f33305004495a9","hash":"fc7adb989f7d37605ae4ac38d39a4ff5a32c8da8"}
,"/Users/galenfrechette/Code/react-native-authenticator-demo/src/common/contexts/AuthProvider.js": {"path":"/Users/galenfrechette/Code/react-native-authenticator-demo/src/common/contexts/AuthProvider.js","statementMap":{"0":{"start":{"line":6,"column":27},"end":{"line":6,"column":48}},"1":{"start":{"line":8,"column":28},"end":{"line":94,"column":1}},"2":{"start":{"line":9,"column":36},"end":{"line":9,"column":88}},"3":{"start":{"line":11,"column":23},"end":{"line":19,"column":3}},"4":{"start":{"line":12,"column":4},"end":{"line":18,"column":5}},"5":{"start":{"line":13,"column":20},"end":{"line":13,"column":63}},"6":{"start":{"line":14,"column":23},"end":{"line":14,"column":65}},"7":{"start":{"line":15,"column":6},"end":{"line":15,"column":78}},"8":{"start":{"line":17,"column":6},"end":{"line":17,"column":29}},"9":{"start":{"line":21,"column":17},"end":{"line":37,"column":3}},"10":{"start":{"line":22,"column":21},"end":{"line":28,"column":6}},"11":{"start":{"line":29,"column":4},"end":{"line":36,"column":5}},"12":{"start":{"line":30,"column":27},"end":{"line":30,"column":48}},"13":{"start":{"line":31,"column":6},"end":{"line":31,"column":70}},"14":{"start":{"line":32,"column":6},"end":{"line":32,"column":72}},"15":{"start":{"line":33,"column":6},"end":{"line":33,"column":98}},"16":{"start":{"line":35,"column":6},"end":{"line":35,"column":58}},"17":{"start":{"line":39,"column":17},"end":{"line":56,"column":3}},"18":{"start":{"line":40,"column":21},"end":{"line":46,"column":6}},"19":{"start":{"line":47,"column":4},"end":{"line":55,"column":5}},"20":{"start":{"line":48,"column":27},"end":{"line":48,"column":48}},"21":{"start":{"line":49,"column":6},"end":{"line":49,"column":70}},"22":{"start":{"line":50,"column":6},"end":{"line":50,"column":72}},"23":{"start":{"line":51,"column":6},"end":{"line":51,"column":98}},"24":{"start":{"line":53,"column":27},"end":{"line":53,"column":48}},"25":{"start":{"line":54,"column":6},"end":{"line":54,"column":45}},"26":{"start":{"line":58,"column":18},"end":{"line":66,"column":3}},"27":{"start":{"line":59,"column":4},"end":{"line":65,"column":5}},"28":{"start":{"line":60,"column":6},"end":{"line":60,"column":53}},"29":{"start":{"line":61,"column":6},"end":{"line":61,"column":52}},"30":{"start":{"line":62,"column":6},"end":{"line":62,"column":39}},"31":{"start":{"line":64,"column":6},"end":{"line":64,"column":29}},"32":{"start":{"line":68,"column":24},"end":{"line":83,"column":3}},"33":{"start":{"line":69,"column":21},"end":{"line":75,"column":6}},"34":{"start":{"line":77,"column":4},"end":{"line":82,"column":5}},"35":{"start":{"line":78,"column":6},"end":{"line":78,"column":55}},"36":{"start":{"line":79,"column":6},"end":{"line":79,"column":18}},"37":{"start":{"line":81,"column":6},"end":{"line":81,"column":19}},"38":{"start":{"line":85,"column":23},"end":{"line":87,"column":17}},"39":{"start":{"line":86,"column":4},"end":{"line":86,"column":77}},"40":{"start":{"line":89,"column":2},"end":{"line":93,"column":4}}},"fnMap":{"0":{"name":"(anonymous_0)","decl":{"start":{"line":8,"column":28},"end":{"line":8,"column":29}},"loc":{"start":{"line":8,"column":39},"end":{"line":94,"column":1}},"line":8},"1":{"name":"(anonymous_1)","decl":{"start":{"line":11,"column":23},"end":{"line":11,"column":24}},"loc":{"start":{"line":11,"column":35},"end":{"line":19,"column":3}},"line":11},"2":{"name":"(anonymous_2)","decl":{"start":{"line":21,"column":17},"end":{"line":21,"column":18}},"loc":{"start":{"line":21,"column":33},"end":{"line":37,"column":3}},"line":21},"3":{"name":"(anonymous_3)","decl":{"start":{"line":39,"column":17},"end":{"line":39,"column":18}},"loc":{"start":{"line":39,"column":33},"end":{"line":56,"column":3}},"line":39},"4":{"name":"(anonymous_4)","decl":{"start":{"line":58,"column":18},"end":{"line":58,"column":19}},"loc":{"start":{"line":58,"column":30},"end":{"line":66,"column":3}},"line":58},"5":{"name":"(anonymous_5)","decl":{"start":{"line":68,"column":24},"end":{"line":68,"column":25}},"loc":{"start":{"line":68,"column":40},"end":{"line":83,"column":3}},"line":68},"6":{"name":"(anonymous_6)","decl":{"start":{"line":85,"column":37},"end":{"line":85,"column":38}},"loc":{"start":{"line":85,"column":43},"end":{"line":87,"column":3}},"line":85}},"branchMap":{"0":{"loc":{"start":{"line":29,"column":4},"end":{"line":36,"column":5}},"type":"if","locations":[{"start":{"line":29,"column":4},"end":{"line":36,"column":5}},{"start":{"line":34,"column":11},"end":{"line":36,"column":5}}],"line":29},"1":{"loc":{"start":{"line":47,"column":4},"end":{"line":55,"column":5}},"type":"if","locations":[{"start":{"line":47,"column":4},"end":{"line":55,"column":5}},{"start":{"line":52,"column":11},"end":{"line":55,"column":5}}],"line":47},"2":{"loc":{"start":{"line":77,"column":4},"end":{"line":82,"column":5}},"type":"if","locations":[{"start":{"line":77,"column":4},"end":{"line":82,"column":5}},{"start":{"line":80,"column":11},"end":{"line":82,"column":5}}],"line":77}},"s":{"0":8,"1":8,"2":9,"3":9,"4":1,"5":1,"6":1,"7":1,"8":0,"9":9,"10":1,"11":1,"12":1,"13":1,"14":1,"15":1,"16":0,"17":9,"18":1,"19":1,"20":1,"21":1,"22":1,"23":1,"24":0,"25":0,"26":9,"27":1,"28":1,"29":1,"30":1,"31":0,"32":9,"33":1,"34":1,"35":1,"36":1,"37":0,"38":9,"39":9,"40":9},"f":{"0":9,"1":1,"2":1,"3":1,"4":1,"5":1,"6":9},"b":{"0":[1,0],"1":[1,0],"2":[1,0]},"_coverageSchema":"1a1c01bbd47fc00a2c39e90264f33305004495a9","hash":"020168f0c160cce370c76a2ec4a13564c4f3dbaf"}
,"/Users/galenfrechette/Code/react-native-authenticator-demo/src/features/Profile.js": {"path":"/Users/galenfrechette/Code/react-native-authenticator-demo/src/features/Profile.js","statementMap":{"0":{"start":{"line":6,"column":23},"end":{"line":16,"column":1}},"1":{"start":{"line":7,"column":33},"end":{"line":7,"column":62}},"2":{"start":{"line":9,"column":2},"end":{"line":15,"column":4}},"3":{"start":{"line":12,"column":46},"end":{"line":12,"column":55}}},"fnMap":{"0":{"name":"(anonymous_0)","decl":{"start":{"line":6,"column":23},"end":{"line":6,"column":24}},"loc":{"start":{"line":6,"column":29},"end":{"line":16,"column":1}},"line":6},"1":{"name":"(anonymous_1)","decl":{"start":{"line":12,"column":40},"end":{"line":12,"column":41}},"loc":{"start":{"line":12,"column":46},"end":{"line":12,"column":55}},"line":12}},"branchMap":{},"s":{"0":3,"1":3,"2":3,"3":1},"f":{"0":3,"1":1},"b":{},"_coverageSchema":"1a1c01bbd47fc00a2c39e90264f33305004495a9","hash":"c42bba3850a4ef354ffa31ac8c568e1ef1f471ff"}
,"/Users/galenfrechette/Code/react-native-authenticator-demo/src/features/auth/ForgotPassword.js": {"path":"/Users/galenfrechette/Code/react-native-authenticator-demo/src/features/auth/ForgotPassword.js","statementMap":{"0":{"start":{"line":20,"column":30},"end":{"line":91,"column":1}},"1":{"start":{"line":21,"column":48},"end":{"line":21,"column":69}},"2":{"start":{"line":22,"column":28},"end":{"line":22,"column":57}},"3":{"start":{"line":24,"column":19},"end":{"line":32,"column":3}},"4":{"start":{"line":25,"column":19},"end":{"line":25,"column":21}},"5":{"start":{"line":26,"column":4},"end":{"line":30,"column":5}},"6":{"start":{"line":27,"column":6},"end":{"line":27,"column":32}},"7":{"start":{"line":28,"column":11},"end":{"line":30,"column":5}},"8":{"start":{"line":29,"column":6},"end":{"line":29,"column":45}},"9":{"start":{"line":31,"column":4},"end":{"line":31,"column":18}},"10":{"start":{"line":34,"column":23},"end":{"line":47,"column":3}},"11":{"start":{"line":35,"column":24},"end":{"line":38,"column":6}},"12":{"start":{"line":37,"column":6},"end":{"line":37,"column":31}},"13":{"start":{"line":40,"column":4},"end":{"line":44,"column":5}},"14":{"start":{"line":41,"column":6},"end":{"line":41,"column":30}},"15":{"start":{"line":43,"column":6},"end":{"line":43,"column":48}},"16":{"start":{"line":46,"column":4},"end":{"line":46,"column":25}},"17":{"start":{"line":49,"column":24},"end":{"line":54,"column":3}},"18":{"start":{"line":50,"column":4},"end":{"line":53,"column":13}},"19":{"start":{"line":51,"column":6},"end":{"line":51,"column":36}},"20":{"start":{"line":52,"column":6},"end":{"line":52,"column":103}},"21":{"start":{"line":56,"column":2},"end":{"line":90,"column":4}},"22":{"start":{"line":74,"column":16},"end":{"line":83,"column":23}}},"fnMap":{"0":{"name":"(anonymous_0)","decl":{"start":{"line":20,"column":30},"end":{"line":20,"column":31}},"loc":{"start":{"line":20,"column":50},"end":{"line":91,"column":1}},"line":20},"1":{"name":"(anonymous_1)","decl":{"start":{"line":24,"column":19},"end":{"line":24,"column":20}},"loc":{"start":{"line":24,"column":29},"end":{"line":32,"column":3}},"line":24},"2":{"name":"(anonymous_2)","decl":{"start":{"line":34,"column":23},"end":{"line":34,"column":24}},"loc":{"start":{"line":34,"column":69},"end":{"line":47,"column":3}},"line":34},"3":{"name":"(anonymous_3)","decl":{"start":{"line":36,"column":11},"end":{"line":36,"column":12}},"loc":{"start":{"line":36,"column":22},"end":{"line":38,"column":5}},"line":36},"4":{"name":"(anonymous_4)","decl":{"start":{"line":49,"column":24},"end":{"line":49,"column":25}},"loc":{"start":{"line":49,"column":64},"end":{"line":54,"column":3}},"line":49},"5":{"name":"(anonymous_5)","decl":{"start":{"line":50,"column":15},"end":{"line":50,"column":16}},"loc":{"start":{"line":50,"column":21},"end":{"line":53,"column":5}},"line":50},"6":{"name":"(anonymous_6)","decl":{"start":{"line":73,"column":15},"end":{"line":73,"column":16}},"loc":{"start":{"line":74,"column":16},"end":{"line":83,"column":23}},"line":74}},"branchMap":{"0":{"loc":{"start":{"line":26,"column":4},"end":{"line":30,"column":5}},"type":"if","locations":[{"start":{"line":26,"column":4},"end":{"line":30,"column":5}},{"start":{"line":28,"column":11},"end":{"line":30,"column":5}}],"line":26},"1":{"loc":{"start":{"line":28,"column":11},"end":{"line":30,"column":5}},"type":"if","locations":[{"start":{"line":28,"column":11},"end":{"line":30,"column":5}},{"start":{},"end":{}}],"line":28},"2":{"loc":{"start":{"line":40,"column":4},"end":{"line":44,"column":5}},"type":"if","locations":[{"start":{"line":40,"column":4},"end":{"line":44,"column":5}},{"start":{"line":42,"column":11},"end":{"line":44,"column":5}}],"line":40},"3":{"loc":{"start":{"line":58,"column":16},"end":{"line":58,"column":60}},"type":"cond-expr","locations":[{"start":{"line":58,"column":40},"end":{"line":58,"column":49}},{"start":{"line":58,"column":52},"end":{"line":58,"column":60}}],"line":58},"4":{"loc":{"start":{"line":63,"column":12},"end":{"line":85,"column":21}},"type":"cond-expr","locations":[{"start":{"line":64,"column":12},"end":{"line":66,"column":19}},{"start":{"line":68,"column":12},"end":{"line":85,"column":21}}],"line":63},"5":{"loc":{"start":{"line":75,"column":20},"end":{"line":75,"column":80}},"type":"binary-expr","locations":[{"start":{"line":75,"column":20},"end":{"line":75,"column":26}},{"start":{"line":75,"column":30},"end":{"line":75,"column":80}}],"line":75}},"s":{"0":3,"1":7,"2":7,"3":7,"4":7,"5":7,"6":1,"7":6,"8":2,"9":7,"10":7,"11":2,"12":0,"13":2,"14":1,"15":1,"16":2,"17":7,"18":0,"19":0,"20":0,"21":7,"22":32},"f":{"0":7,"1":7,"2":2,"3":0,"4":0,"5":0,"6":32},"b":{"0":[1,6],"1":[2,4],"2":[1,1],"3":[7,0],"4":[1,6],"5":[32,3]},"_coverageSchema":"1a1c01bbd47fc00a2c39e90264f33305004495a9","hash":"771f104f82d83ca2d79790c6ca5288415017987a"}
,"/Users/galenfrechette/Code/react-native-authenticator-demo/src/features/auth/SignIn.js": {"path":"/Users/galenfrechette/Code/react-native-authenticator-demo/src/features/auth/SignIn.js","statementMap":{"0":{"start":{"line":16,"column":22},"end":{"line":102,"column":1}},"1":{"start":{"line":17,"column":34},"end":{"line":17,"column":75}},"2":{"start":{"line":18,"column":30},"end":{"line":18,"column":82}},"3":{"start":{"line":19,"column":21},"end":{"line":19,"column":50}},"4":{"start":{"line":21,"column":27},"end":{"line":31,"column":3}},"5":{"start":{"line":22,"column":4},"end":{"line":25,"column":8}},"6":{"start":{"line":22,"column":27},"end":{"line":25,"column":5}},"7":{"start":{"line":27,"column":4},"end":{"line":30,"column":8}},"8":{"start":{"line":27,"column":25},"end":{"line":30,"column":5}},"9":{"start":{"line":33,"column":23},"end":{"line":49,"column":3}},"10":{"start":{"line":34,"column":4},"end":{"line":48,"column":5}},"11":{"start":{"line":35,"column":6},"end":{"line":40,"column":10}},"12":{"start":{"line":35,"column":27},"end":{"line":40,"column":7}},"13":{"start":{"line":42,"column":6},"end":{"line":47,"column":9}},"14":{"start":{"line":43,"column":8},"end":{"line":46,"column":12}},"15":{"start":{"line":43,"column":29},"end":{"line":46,"column":9}},"16":{"start":{"line":51,"column":2},"end":{"line":101,"column":4}},"17":{"start":{"line":72,"column":38},"end":{"line":72,"column":69}},"18":{"start":{"line":86,"column":38},"end":{"line":86,"column":72}},"19":{"start":{"line":89,"column":88},"end":{"line":89,"column":102}},"20":{"start":{"line":92,"column":97},"end":{"line":92,"column":134}},"21":{"start":{"line":96,"column":59},"end":{"line":96,"column":97}}},"fnMap":{"0":{"name":"(anonymous_0)","decl":{"start":{"line":16,"column":22},"end":{"line":16,"column":23}},"loc":{"start":{"line":16,"column":42},"end":{"line":102,"column":1}},"line":16},"1":{"name":"(anonymous_1)","decl":{"start":{"line":21,"column":27},"end":{"line":21,"column":28}},"loc":{"start":{"line":21,"column":43},"end":{"line":31,"column":3}},"line":21},"2":{"name":"(anonymous_2)","decl":{"start":{"line":22,"column":16},"end":{"line":22,"column":17}},"loc":{"start":{"line":22,"column":27},"end":{"line":25,"column":5}},"line":22},"3":{"name":"(anonymous_3)","decl":{"start":{"line":27,"column":14},"end":{"line":27,"column":15}},"loc":{"start":{"line":27,"column":25},"end":{"line":30,"column":5}},"line":27},"4":{"name":"(anonymous_4)","decl":{"start":{"line":33,"column":23},"end":{"line":33,"column":24}},"loc":{"start":{"line":33,"column":35},"end":{"line":49,"column":3}},"line":33},"5":{"name":"(anonymous_5)","decl":{"start":{"line":35,"column":16},"end":{"line":35,"column":17}},"loc":{"start":{"line":35,"column":27},"end":{"line":40,"column":7}},"line":35},"6":{"name":"(anonymous_6)","decl":{"start":{"line":42,"column":35},"end":{"line":42,"column":36}},"loc":{"start":{"line":42,"column":46},"end":{"line":47,"column":7}},"line":42},"7":{"name":"(anonymous_7)","decl":{"start":{"line":43,"column":18},"end":{"line":43,"column":19}},"loc":{"start":{"line":43,"column":29},"end":{"line":46,"column":9}},"line":43},"8":{"name":"(anonymous_8)","decl":{"start":{"line":72,"column":28},"end":{"line":72,"column":29}},"loc":{"start":{"line":72,"column":38},"end":{"line":72,"column":69}},"line":72},"9":{"name":"(anonymous_9)","decl":{"start":{"line":86,"column":28},"end":{"line":86,"column":29}},"loc":{"start":{"line":86,"column":38},"end":{"line":86,"column":72}},"line":86},"10":{"name":"(anonymous_10)","decl":{"start":{"line":89,"column":82},"end":{"line":89,"column":83}},"loc":{"start":{"line":89,"column":88},"end":{"line":89,"column":102}},"line":89},"11":{"name":"(anonymous_11)","decl":{"start":{"line":92,"column":91},"end":{"line":92,"column":92}},"loc":{"start":{"line":92,"column":97},"end":{"line":92,"column":134}},"line":92},"12":{"name":"(anonymous_12)","decl":{"start":{"line":96,"column":53},"end":{"line":96,"column":54}},"loc":{"start":{"line":96,"column":59},"end":{"line":96,"column":97}},"line":96}},"branchMap":{"0":{"loc":{"start":{"line":34,"column":4},"end":{"line":48,"column":5}},"type":"if","locations":[{"start":{"line":34,"column":4},"end":{"line":48,"column":5}},{"start":{"line":41,"column":11},"end":{"line":48,"column":5}}],"line":34},"1":{"loc":{"start":{"line":34,"column":8},"end":{"line":34,"column":45}},"type":"binary-expr","locations":[{"start":{"line":34,"column":8},"end":{"line":34,"column":23}},{"start":{"line":34,"column":27},"end":{"line":34,"column":45}}],"line":34},"2":{"loc":{"start":{"line":37,"column":15},"end":{"line":37,"column":57}},"type":"cond-expr","locations":[{"start":{"line":37,"column":33},"end":{"line":37,"column":52}},{"start":{"line":37,"column":55},"end":{"line":37,"column":57}}],"line":37},"3":{"loc":{"start":{"line":38,"column":18},"end":{"line":38,"column":66}},"type":"cond-expr","locations":[{"start":{"line":38,"column":39},"end":{"line":38,"column":61}},{"start":{"line":38,"column":64},"end":{"line":38,"column":66}}],"line":38},"4":{"loc":{"start":{"line":53,"column":16},"end":{"line":53,"column":60}},"type":"cond-expr","locations":[{"start":{"line":53,"column":40},"end":{"line":53,"column":49}},{"start":{"line":53,"column":52},"end":{"line":53,"column":60}}],"line":53},"5":{"loc":{"start":{"line":58,"column":12},"end":{"line":60,"column":19}},"type":"cond-expr","locations":[{"start":{"line":59,"column":12},"end":{"line":59,"column":83}},{"start":{"line":60,"column":14},"end":{"line":60,"column":19}}],"line":58},"6":{"loc":{"start":{"line":63,"column":14},"end":{"line":65,"column":21}},"type":"cond-expr","locations":[{"start":{"line":64,"column":14},"end":{"line":64,"column":70}},{"start":{"line":65,"column":16},"end":{"line":65,"column":21}}],"line":63},"7":{"loc":{"start":{"line":77,"column":14},"end":{"line":79,"column":21}},"type":"cond-expr","locations":[{"start":{"line":78,"column":14},"end":{"line":78,"column":73}},{"start":{"line":79,"column":16},"end":{"line":79,"column":21}}],"line":77}},"s":{"0":3,"1":21,"2":21,"3":21,"4":21,"5":10,"6":10,"7":10,"8":10,"9":21,"10":6,"11":3,"12":3,"13":3,"14":2,"15":2,"16":21,"17":5,"18":5,"19":6,"20":1,"21":1},"f":{"0":21,"1":10,"2":10,"3":10,"4":6,"5":3,"6":2,"7":2,"8":5,"9":5,"10":6,"11":1,"12":1},"b":{"0":[3,3],"1":[6,4],"2":[2,1],"3":[2,1],"4":[21,0],"5":[4,17],"6":[2,19],"7":[3,18]},"_coverageSchema":"1a1c01bbd47fc00a2c39e90264f33305004495a9","hash":"2ff2c61571d82fb990a2a528c32007c37c0f3c1b"}
,"/Users/galenfrechette/Code/react-native-authenticator-demo/src/features/auth/SignUp.js": {"path":"/Users/galenfrechette/Code/react-native-authenticator-demo/src/features/auth/SignUp.js","statementMap":{"0":{"start":{"line":15,"column":22},"end":{"line":109,"column":1}},"1":{"start":{"line":16,"column":34},"end":{"line":16,"column":89}},"2":{"start":{"line":17,"column":30},"end":{"line":17,"column":96}},"3":{"start":{"line":18,"column":21},"end":{"line":18,"column":50}},"4":{"start":{"line":20,"column":27},"end":{"line":30,"column":3}},"5":{"start":{"line":21,"column":4},"end":{"line":24,"column":8}},"6":{"start":{"line":21,"column":27},"end":{"line":24,"column":5}},"7":{"start":{"line":26,"column":4},"end":{"line":29,"column":8}},"8":{"start":{"line":26,"column":25},"end":{"line":29,"column":5}},"9":{"start":{"line":32,"column":23},"end":{"line":49,"column":3}},"10":{"start":{"line":33,"column":4},"end":{"line":48,"column":5}},"11":{"start":{"line":34,"column":6},"end":{"line":40,"column":10}},"12":{"start":{"line":34,"column":27},"end":{"line":40,"column":7}},"13":{"start":{"line":42,"column":6},"end":{"line":47,"column":9}},"14":{"start":{"line":43,"column":8},"end":{"line":46,"column":12}},"15":{"start":{"line":43,"column":29},"end":{"line":46,"column":9}},"16":{"start":{"line":51,"column":2},"end":{"line":108,"column":4}},"17":{"start":{"line":71,"column":38},"end":{"line":71,"column":72}},"18":{"start":{"line":85,"column":38},"end":{"line":85,"column":69}},"19":{"start":{"line":99,"column":38},"end":{"line":99,"column":72}},"20":{"start":{"line":102,"column":88},"end":{"line":102,"column":102}}},"fnMap":{"0":{"name":"(anonymous_0)","decl":{"start":{"line":15,"column":22},"end":{"line":15,"column":23}},"loc":{"start":{"line":15,"column":42},"end":{"line":109,"column":1}},"line":15},"1":{"name":"(anonymous_1)","decl":{"start":{"line":20,"column":27},"end":{"line":20,"column":28}},"loc":{"start":{"line":20,"column":43},"end":{"line":30,"column":3}},"line":20},"2":{"name":"(anonymous_2)","decl":{"start":{"line":21,"column":16},"end":{"line":21,"column":17}},"loc":{"start":{"line":21,"column":27},"end":{"line":24,"column":5}},"line":21},"3":{"name":"(anonymous_3)","decl":{"start":{"line":26,"column":14},"end":{"line":26,"column":15}},"loc":{"start":{"line":26,"column":25},"end":{"line":29,"column":5}},"line":26},"4":{"name":"(anonymous_4)","decl":{"start":{"line":32,"column":23},"end":{"line":32,"column":24}},"loc":{"start":{"line":32,"column":35},"end":{"line":49,"column":3}},"line":32},"5":{"name":"(anonymous_5)","decl":{"start":{"line":34,"column":16},"end":{"line":34,"column":17}},"loc":{"start":{"line":34,"column":27},"end":{"line":40,"column":7}},"line":34},"6":{"name":"(anonymous_6)","decl":{"start":{"line":42,"column":35},"end":{"line":42,"column":36}},"loc":{"start":{"line":42,"column":46},"end":{"line":47,"column":7}},"line":42},"7":{"name":"(anonymous_7)","decl":{"start":{"line":43,"column":18},"end":{"line":43,"column":19}},"loc":{"start":{"line":43,"column":29},"end":{"line":46,"column":9}},"line":43},"8":{"name":"(anonymous_8)","decl":{"start":{"line":71,"column":28},"end":{"line":71,"column":29}},"loc":{"start":{"line":71,"column":38},"end":{"line":71,"column":72}},"line":71},"9":{"name":"(anonymous_9)","decl":{"start":{"line":85,"column":28},"end":{"line":85,"column":29}},"loc":{"start":{"line":85,"column":38},"end":{"line":85,"column":69}},"line":85},"10":{"name":"(anonymous_10)","decl":{"start":{"line":99,"column":28},"end":{"line":99,"column":29}},"loc":{"start":{"line":99,"column":38},"end":{"line":99,"column":72}},"line":99},"11":{"name":"(anonymous_11)","decl":{"start":{"line":102,"column":82},"end":{"line":102,"column":83}},"loc":{"start":{"line":102,"column":88},"end":{"line":102,"column":102}},"line":102}},"branchMap":{"0":{"loc":{"start":{"line":33,"column":4},"end":{"line":48,"column":5}},"type":"if","locations":[{"start":{"line":33,"column":4},"end":{"line":48,"column":5}},{"start":{"line":41,"column":11},"end":{"line":48,"column":5}}],"line":33},"1":{"loc":{"start":{"line":33,"column":8},"end":{"line":33,"column":67}},"type":"binary-expr","locations":[{"start":{"line":33,"column":8},"end":{"line":33,"column":26}},{"start":{"line":33,"column":30},"end":{"line":33,"column":45}},{"start":{"line":33,"column":49},"end":{"line":33,"column":67}}],"line":33},"2":{"loc":{"start":{"line":36,"column":18},"end":{"line":36,"column":66}},"type":"cond-expr","locations":[{"start":{"line":36,"column":39},"end":{"line":36,"column":61}},{"start":{"line":36,"column":64},"end":{"line":36,"column":66}}],"line":36},"3":{"loc":{"start":{"line":37,"column":15},"end":{"line":37,"column":57}},"type":"cond-expr","locations":[{"start":{"line":37,"column":33},"end":{"line":37,"column":52}},{"start":{"line":37,"column":55},"end":{"line":37,"column":57}}],"line":37},"4":{"loc":{"start":{"line":38,"column":18},"end":{"line":38,"column":66}},"type":"cond-expr","locations":[{"start":{"line":38,"column":39},"end":{"line":38,"column":61}},{"start":{"line":38,"column":64},"end":{"line":38,"column":66}}],"line":38},"5":{"loc":{"start":{"line":53,"column":16},"end":{"line":53,"column":60}},"type":"cond-expr","locations":[{"start":{"line":53,"column":40},"end":{"line":53,"column":49}},{"start":{"line":53,"column":52},"end":{"line":53,"column":60}}],"line":53},"6":{"loc":{"start":{"line":58,"column":12},"end":{"line":60,"column":19}},"type":"cond-expr","locations":[{"start":{"line":59,"column":12},"end":{"line":59,"column":83}},{"start":{"line":60,"column":14},"end":{"line":60,"column":19}}],"line":58},"7":{"loc":{"start":{"line":63,"column":14},"end":{"line":65,"column":21}},"type":"cond-expr","locations":[{"start":{"line":64,"column":14},"end":{"line":64,"column":73}},{"start":{"line":65,"column":16},"end":{"line":65,"column":21}}],"line":63},"8":{"loc":{"start":{"line":76,"column":14},"end":{"line":78,"column":21}},"type":"cond-expr","locations":[{"start":{"line":77,"column":14},"end":{"line":77,"column":70}},{"start":{"line":78,"column":16},"end":{"line":78,"column":21}}],"line":76},"9":{"loc":{"start":{"line":90,"column":14},"end":{"line":92,"column":21}},"type":"cond-expr","locations":[{"start":{"line":91,"column":14},"end":{"line":91,"column":73}},{"start":{"line":92,"column":16},"end":{"line":92,"column":21}}],"line":90}},"s":{"0":3,"1":28,"2":28,"3":28,"4":28,"5":18,"6":18,"7":18,"8":18,"9":28,"10":7,"11":4,"12":4,"13":3,"14":2,"15":2,"16":28,"17":6,"18":6,"19":6,"20":7},"f":{"0":28,"1":18,"2":18,"3":18,"4":7,"5":4,"6":2,"7":2,"8":6,"9":6,"10":6,"11":7},"b":{"0":[4,3],"1":[7,5,4],"2":[2,2],"3":[2,2],"4":[2,2],"5":[28,0],"6":[5,23],"7":[2,26],"8":[3,25],"9":[4,24]},"_coverageSchema":"1a1c01bbd47fc00a2c39e90264f33305004495a9","hash":"3ef59debe13598769d3de4cfeaddb18e4318e735"}
,"/Users/galenfrechette/Code/react-native-authenticator-demo/src/features/auth/Splash.js": {"path":"/Users/galenfrechette/Code/react-native-authenticator-demo/src/features/auth/Splash.js","statementMap":{"0":{"start":{"line":6,"column":22},"end":{"line":18,"column":1}},"1":{"start":{"line":7,"column":27},"end":{"line":7,"column":56}},"2":{"start":{"line":9,"column":2},"end":{"line":11,"column":9}},"3":{"start":{"line":10,"column":4},"end":{"line":10,"column":19}},"4":{"start":{"line":13,"column":2},"end":{"line":17,"column":4}}},"fnMap":{"0":{"name":"(anonymous_0)","decl":{"start":{"line":6,"column":22},"end":{"line":6,"column":23}},"loc":{"start":{"line":6,"column":28},"end":{"line":18,"column":1}},"line":6},"1":{"name":"(anonymous_1)","decl":{"start":{"line":9,"column":18},"end":{"line":9,"column":19}},"loc":{"start":{"line":9,"column":24},"end":{"line":11,"column":3}},"line":9}},"branchMap":{},"s":{"0":3,"1":3,"2":3,"3":3,"4":3},"f":{"0":3,"1":3},"b":{},"_coverageSchema":"1a1c01bbd47fc00a2c39e90264f33305004495a9","hash":"889be2bda72565f930a17058facc18b9d4e05ad6"}
,"/Users/galenfrechette/Code/react-native-authenticator-demo/src/features/navigation/index.js": {"path":"/Users/galenfrechette/Code/react-native-authenticator-demo/src/features/navigation/index.js","statementMap":{"0":{"start":{"line":12,"column":14},"end":{"line":12,"column":42}},"1":{"start":{"line":14,"column":26},"end":{"line":47,"column":1}},"2":{"start":{"line":15,"column":24},"end":{"line":15,"column":53}},"3":{"start":{"line":17,"column":2},"end":{"line":46,"column":4}}},"fnMap":{"0":{"name":"(anonymous_0)","decl":{"start":{"line":14,"column":26},"end":{"line":14,"column":27}},"loc":{"start":{"line":14,"column":37},"end":{"line":47,"column":1}},"line":14}},"branchMap":{"0":{"loc":{"start":{"line":20,"column":10},"end":{"line":43,"column":9}},"type":"cond-expr","locations":[{"start":{"line":21,"column":10},"end":{"line":21,"column":59}},{"start":{"line":22,"column":12},"end":{"line":43,"column":9}}],"line":20},"1":{"loc":{"start":{"line":22,"column":12},"end":{"line":43,"column":9}},"type":"cond-expr","locations":[{"start":{"line":23,"column":10},"end":{"line":38,"column":13}},{"start":{"line":40,"column":10},"end":{"line":42,"column":13}}],"line":22}},"s":{"0":2,"1":2,"2":5,"3":5},"f":{"0":5},"b":{"0":[1,4],"1":[3,1]},"_coverageSchema":"1a1c01bbd47fc00a2c39e90264f33305004495a9","hash":"5c450d9735b65846e2a48ba09657095bd504de87"}
}
